<?xml version="1.0" encoding="UTF-8"?>
<!-- Generated by org.testng.reporters.JUnitXMLReporter -->
<testsuite ignored="0" hostname="Rahul-Sony" failures="1" tests="2" name="OpenCart Test" time="19.109" errors="0" timestamp="2023-07-29T17:47:06 IST">
  <testcase classname="testCases.TC_001_AccountRegistrationTest" name="test_account_Registration" time="5.205">
    <failure type="java.lang.AssertionError" message="Test failed expected [Your Has Been Created!] but found [Your Account Has Been Created!]">
      <![CDATA[java.lang.AssertionError: Test failed expected [Your Has Been Created!] but found [Your Account Has Been Created!]
at testCases.TC_001_AccountRegistrationTest.test_account_Registration(TC_001_AccountRegistrationTest.java:54)
at java.base/java.util.ArrayList.forEach(ArrayList.java:1511)
... Removed 32 stack frames]]>
    </failure>
  </testcase> <!-- test_account_Registration -->
  <testcase classname="testCases.TC_002_LoginTest" name="test_Login" time="2.818"/>
</testsuite> <!-- OpenCart Test -->
