<?xml version="1.0" encoding="UTF-8"?>
<testng-results ignored="0" total="1" passed="1" failed="0" skipped="0">
  <reporter-output>
  </reporter-output>
  <suite started-at="2023-07-30T02:50:27 IST" name="OpenCartSuite" finished-at="2023-07-30T02:51:21 IST" duration-ms="54512">
    <groups>
    </groups>
    <test started-at="2023-07-30T02:50:27 IST" name="EndToEndTest" finished-at="2023-07-30T02:51:21 IST" duration-ms="54512">
      <class name="testCases.TC_006_EndToEndTest">
        <test-method is-config="true" signature="setup(java.lang.String)[pri:0, instance:testCases.TC_006_EndToEndTest@33bc72d1]" started-at="2023-07-30T02:50:27 IST" name="setup" finished-at="2023-07-30T02:50:34 IST" duration-ms="7074" status="PASS">
          <params>
            <param index="0">
              <value>
                <![CDATA[chrome]]>
              </value>
            </param>
          </params>
          <reporter-output>
          </reporter-output>
        </test-method> <!-- setup -->
        <test-method signature="endToendTest()[pri:0, instance:testCases.TC_006_EndToEndTest@33bc72d1]" started-at="2023-07-30T02:50:34 IST" name="endToendTest" finished-at="2023-07-30T02:51:21 IST" duration-ms="46038" status="PASS">
          <reporter-output>
          </reporter-output>
        </test-method> <!-- endToendTest -->
        <test-method is-config="true" signature="teadDown()[pri:0, instance:testCases.TC_006_EndToEndTest@33bc72d1]" started-at="2023-07-30T02:51:21 IST" name="teadDown" finished-at="2023-07-30T02:51:21 IST" duration-ms="695" status="PASS">
          <reporter-output>
          </reporter-output>
        </test-method> <!-- teadDown -->
      </class> <!-- testCases.TC_006_EndToEndTest -->
    </test> <!-- EndToEndTest -->
  </suite> <!-- OpenCartSuite -->
</testng-results>
