<?xml version="1.0" encoding="UTF-8"?>
<testng-results ignored="0" total="1" passed="1" failed="0" skipped="0">
  <reporter-output>
  </reporter-output>
  <suite started-at="2023-07-30T02:39:18 IST" name="OpenCartSuite" finished-at="2023-07-30T02:40:09 IST" duration-ms="51922">
    <groups>
    </groups>
    <test started-at="2023-07-30T02:39:18 IST" name="OpenCartTest" finished-at="2023-07-30T02:40:09 IST" duration-ms="51922">
      <class name="testCases.TC_006_EndToEndTest">
        <test-method is-config="true" signature="setup(java.lang.String)[pri:0, instance:testCases.TC_006_EndToEndTest@57a78e3]" started-at="2023-07-30T02:39:18 IST" name="setup" finished-at="2023-07-30T02:39:24 IST" duration-ms="6192" status="PASS">
          <params>
            <param index="0">
              <value>
                <![CDATA[chrome]]>
              </value>
            </param>
          </params>
          <reporter-output>
          </reporter-output>
        </test-method> <!-- setup -->
        <test-method signature="endToendTest()[pri:0, instance:testCases.TC_006_EndToEndTest@57a78e3]" started-at="2023-07-30T02:39:24 IST" name="endToendTest" finished-at="2023-07-30T02:40:09 IST" duration-ms="44467" status="PASS">
          <reporter-output>
          </reporter-output>
        </test-method> <!-- endToendTest -->
        <test-method is-config="true" signature="teadDown()[pri:0, instance:testCases.TC_006_EndToEndTest@57a78e3]" started-at="2023-07-30T02:40:09 IST" name="teadDown" finished-at="2023-07-30T02:40:09 IST" duration-ms="543" status="PASS">
          <reporter-output>
          </reporter-output>
        </test-method> <!-- teadDown -->
      </class> <!-- testCases.TC_006_EndToEndTest -->
    </test> <!-- OpenCartTest -->
  </suite> <!-- OpenCartSuite -->
</testng-results>
